0 verbose cli /data/data/com.termux/files/usr/bin/node /data/data/com.termux/files/usr/bin/npm
1 info using npm@11.10.0
2 info using node@v25.3.0
3 silly config load:file:/data/data/com.termux/files/usr/lib/node_modules/npm/npmrc
4 silly config load:file:/data/data/com.termux/files/home/.npmrc
5 silly config load:file:/data/data/com.termux/files/usr/etc/npmrc
6 verbose title npm uninstall live-server
7 verbose argv "uninstall" "--global" "live-server"
8 verbose logfile logs-max:10 dir:/data/data/com.termux/files/home/.npm/_logs/2026-02-17T19_25_41_101Z-
9 verbose logfile /data/data/com.termux/files/home/.npm/_logs/2026-02-17T19_25_41_101Z-debug-0.log
10 silly packumentCache heap:1174405120 maxSize:293601280 maxEntrySize:146800640
11 silly logfile done cleaning log files
12 silly idealTree buildDeps
13 silly reify mark retired [
13 silly reify   '/data/data/com.termux/files/usr/lib/node_modules/live-server',
13 silly reify   '/data/data/com.termux/files/usr/bin/live-server'
13 silly reify ]
14 silly reify moves {
14 silly reify   '/data/data/com.termux/files/usr/lib/node_modules/live-server': '/data/data/com.termux/files/usr/lib/node_modules/.live-server-XU2eEtMo',
14 silly reify   '/data/data/com.termux/files/usr/bin/live-server': '/data/data/com.termux/files/usr/bin/.live-server-2tPHoRx1'
14 silly reify }
15 silly REMOVE node_modules/live-server
16 silly REMOVE node_modules/live-server/node_modules/resolve-url
17 silly REMOVE node_modules/live-server/node_modules/websocket-extensions
18 silly REMOVE node_modules/live-server/node_modules/websocket-driver
19 silly REMOVE node_modules/live-server/node_modules/vary
20 silly REMOVE node_modules/live-server/node_modules/uuid
21 silly REMOVE node_modules/live-server/node_modules/util-deprecate
22 silly REMOVE node_modules/live-server/node_modules/utils-merge
23 silly REMOVE node_modules/live-server/node_modules/upath
24 silly REMOVE node_modules/live-server/node_modules/use
25 silly REMOVE node_modules/live-server/node_modules/urix
26 silly REMOVE node_modules/live-server/node_modules/unix-crypt-td-js
27 silly REMOVE node_modules/live-server/node_modules/union-value
28 silly REMOVE node_modules/live-server/node_modules/unset-value
29 silly REMOVE node_modules/live-server/node_modules/unset-value/node_modules/has-values
30 silly REMOVE node_modules/live-server/node_modules/unset-value/node_modules/has-value
31 silly REMOVE node_modules/live-server/node_modules/unset-value/node_modules/has-value/node_modules/isobject
32 silly REMOVE node_modules/live-server/node_modules/unpipe
33 silly REMOVE node_modules/live-server/node_modules/toidentifier
34 silly REMOVE node_modules/live-server/node_modules/to-regex-range
35 silly REMOVE node_modules/live-server/node_modules/to-regex
36 silly REMOVE node_modules/live-server/node_modules/to-regex/node_modules/is-extendable
37 silly REMOVE node_modules/live-server/node_modules/to-regex/node_modules/extend-shallow
38 silly REMOVE node_modules/live-server/node_modules/through
39 silly REMOVE node_modules/live-server/node_modules/string_decoder
40 silly REMOVE node_modules/live-server/node_modules/to-object-path
41 silly REMOVE node_modules/live-server/node_modules/stream-combiner
42 silly REMOVE node_modules/live-server/node_modules/split-string
43 silly REMOVE node_modules/live-server/node_modules/split-string/node_modules/is-extendable
44 silly REMOVE node_modules/live-server/node_modules/split-string/node_modules/extend-shallow
45 silly REMOVE node_modules/live-server/node_modules/static-extend
46 silly REMOVE node_modules/live-server/node_modules/static-extend/node_modules/is-descriptor
47 silly REMOVE node_modules/live-server/node_modules/static-extend/node_modules/define-property
48 silly REMOVE node_modules/live-server/node_modules/split
49 silly REMOVE node_modules/live-server/node_modules/statuses
50 silly REMOVE node_modules/live-server/node_modules/setprototypeof
51 silly REMOVE node_modules/live-server/node_modules/source-map-url
52 silly REMOVE node_modules/live-server/node_modules/snapdragon-util
53 silly REMOVE node_modules/live-server/node_modules/source-map-resolve
54 silly REMOVE node_modules/live-server/node_modules/source-map
55 silly REMOVE node_modules/live-server/node_modules/snapdragon
56 silly REMOVE node_modules/live-server/node_modules/snapdragon/node_modules/is-descriptor
57 silly REMOVE node_modules/live-server/node_modules/snapdragon/node_modules/define-property
58 silly REMOVE node_modules/live-server/node_modules/snapdragon-node
59 silly REMOVE node_modules/live-server/node_modules/snapdragon-node/node_modules/define-property
60 silly REMOVE node_modules/live-server/node_modules/set-value
61 silly REMOVE node_modules/live-server/node_modules/serve-index
62 silly REMOVE node_modules/live-server/node_modules/serve-index/node_modules/mime-db
63 silly REMOVE node_modules/live-server/node_modules/serve-index/node_modules/mime-types
64 silly REMOVE node_modules/live-server/node_modules/serve-index/node_modules/http-errors
65 silly REMOVE node_modules/live-server/node_modules/serve-index/node_modules/depd
66 silly REMOVE node_modules/live-server/node_modules/send
67 silly REMOVE node_modules/live-server/node_modules/send/node_modules/statuses
68 silly REMOVE node_modules/live-server/node_modules/send/node_modules/on-finished
69 silly REMOVE node_modules/live-server/node_modules/send/node_modules/ms
70 silly REMOVE node_modules/live-server/node_modules/send/node_modules/encodeurl
71 silly REMOVE node_modules/live-server/node_modules/send/node_modules/debug
72 silly REMOVE node_modules/live-server/node_modules/remove-trailing-separator
73 silly REMOVE node_modules/live-server/node_modules/ret
74 silly REMOVE node_modules/live-server/node_modules/safe-regex
75 silly REMOVE node_modules/live-server/node_modules/safe-buffer
76 silly REMOVE node_modules/live-server/node_modules/repeat-element
77 silly REMOVE node_modules/live-server/node_modules/range-parser
78 silly REMOVE node_modules/live-server/node_modules/regex-not
79 silly REMOVE node_modules/live-server/node_modules/regex-not/node_modules/is-extendable
80 silly REMOVE node_modules/live-server/node_modules/regex-not/node_modules/extend-shallow
81 silly REMOVE node_modules/live-server/node_modules/repeat-string
82 silly REMOVE node_modules/live-server/node_modules/readdirp
83 silly REMOVE node_modules/live-server/node_modules/readable-stream
84 silly REMOVE node_modules/live-server/node_modules/proxy-middleware
85 silly REMOVE node_modules/live-server/node_modules/posix-character-classes
86 silly REMOVE node_modules/live-server/node_modules/process-nextick-args
87 silly REMOVE node_modules/live-server/node_modules/pause-stream
88 silly REMOVE node_modules/live-server/node_modules/path-is-absolute
89 silly REMOVE node_modules/live-server/node_modules/pascalcase
90 silly REMOVE node_modules/live-server/node_modules/path-dirname
91 silly REMOVE node_modules/live-server/node_modules/opn
92 silly REMOVE node_modules/live-server/node_modules/parseurl
93 silly REMOVE node_modules/live-server/node_modules/on-headers
94 silly REMOVE node_modules/live-server/node_modules/on-finished
95 silly REMOVE node_modules/live-server/node_modules/object-visit
96 silly REMOVE node_modules/live-server/node_modules/object.pick
97 silly REMOVE node_modules/live-server/node_modules/object-copy
98 silly REMOVE node_modules/live-server/node_modules/object-copy/node_modules/define-property
99 silly REMOVE node_modules/live-server/node_modules/object-copy/node_modules/is-descriptor
100 silly REMOVE node_modules/live-server/node_modules/negotiator
101 silly REMOVE node_modules/live-server/node_modules/object-assign
102 silly REMOVE node_modules/live-server/node_modules/normalize-path
103 silly REMOVE node_modules/live-server/node_modules/ms
104 silly REMOVE node_modules/live-server/node_modules/morgan
105 silly REMOVE node_modules/live-server/node_modules/nanomatch
106 silly REMOVE node_modules/live-server/node_modules/nanomatch/node_modules/kind-of
107 silly REMOVE node_modules/live-server/node_modules/nanomatch/node_modules/extend-shallow
108 silly REMOVE node_modules/live-server/node_modules/nanomatch/node_modules/is-extendable
109 silly REMOVE node_modules/live-server/node_modules/mime-types
110 silly REMOVE node_modules/live-server/node_modules/mixin-deep
111 silly REMOVE node_modules/live-server/node_modules/mixin-deep/node_modules/is-extendable
112 silly REMOVE node_modules/live-server/node_modules/map-visit
113 silly REMOVE node_modules/live-server/node_modules/mime-db
114 silly REMOVE node_modules/live-server/node_modules/map-stream
115 silly REMOVE node_modules/live-server/node_modules/micromatch
116 silly REMOVE node_modules/live-server/node_modules/micromatch/node_modules/kind-of
117 silly REMOVE node_modules/live-server/node_modules/micromatch/node_modules/extend-shallow
118 silly REMOVE node_modules/live-server/node_modules/micromatch/node_modules/is-extendable
119 silly REMOVE node_modules/live-server/node_modules/map-cache
120 silly REMOVE node_modules/live-server/node_modules/isobject
121 silly REMOVE node_modules/live-server/node_modules/kind-of
122 silly REMOVE node_modules/live-server/node_modules/is-wsl
123 silly REMOVE node_modules/live-server/node_modules/is-extendable
124 silly REMOVE node_modules/live-server/node_modules/isarray
125 silly REMOVE node_modules/live-server/node_modules/is-windows
126 silly REMOVE node_modules/live-server/node_modules/is-plain-object
127 silly REMOVE node_modules/live-server/node_modules/is-glob
128 silly REMOVE node_modules/live-server/node_modules/is-number
129 silly REMOVE node_modules/live-server/node_modules/is-extglob
130 silly REMOVE node_modules/live-server/node_modules/is-descriptor
131 silly REMOVE node_modules/live-server/node_modules/is-data-descriptor
132 silly REMOVE node_modules/live-server/node_modules/is-buffer
133 silly REMOVE node_modules/live-server/node_modules/is-binary-path
134 silly REMOVE node_modules/live-server/node_modules/is-accessor-descriptor
135 silly REMOVE node_modules/live-server/node_modules/inherits
136 silly REMOVE node_modules/live-server/node_modules/http-parser-js
137 silly REMOVE node_modules/live-server/node_modules/hasown
138 silly REMOVE node_modules/live-server/node_modules/http-errors
139 silly REMOVE node_modules/live-server/node_modules/http-errors/node_modules/statuses
140 silly REMOVE node_modules/live-server/node_modules/has-values
141 silly REMOVE node_modules/live-server/node_modules/has-values/node_modules/kind-of
142 silly REMOVE node_modules/live-server/node_modules/http-auth
143 silly REMOVE node_modules/live-server/node_modules/graceful-fs
144 silly REMOVE node_modules/live-server/node_modules/has-value
145 silly REMOVE node_modules/live-server/node_modules/get-value
146 silly REMOVE node_modules/live-server/node_modules/function-bind
147 silly REMOVE node_modules/live-server/node_modules/glob-parent
148 silly REMOVE node_modules/live-server/node_modules/glob-parent/node_modules/is-glob
149 silly REMOVE node_modules/live-server/node_modules/for-in
150 silly REMOVE node_modules/live-server/node_modules/fresh
151 silly REMOVE node_modules/live-server/node_modules/extglob
152 silly REMOVE node_modules/live-server/node_modules/extglob/node_modules/define-property
153 silly REMOVE node_modules/live-server/node_modules/from
154 silly REMOVE node_modules/live-server/node_modules/fragment-cache
155 silly REMOVE node_modules/live-server/node_modules/fill-range
156 silly REMOVE node_modules/live-server/node_modules/finalhandler
157 silly REMOVE node_modules/live-server/node_modules/faye-websocket
158 silly REMOVE node_modules/live-server/node_modules/extend-shallow
159 silly REMOVE node_modules/live-server/node_modules/ee-first
160 silly REMOVE node_modules/live-server/node_modules/expand-brackets
161 silly REMOVE node_modules/live-server/node_modules/expand-brackets/node_modules/is-descriptor
162 silly REMOVE node_modules/live-server/node_modules/expand-brackets/node_modules/define-property
163 silly REMOVE node_modules/live-server/node_modules/encodeurl
164 silly REMOVE node_modules/live-server/node_modules/etag
165 silly REMOVE node_modules/live-server/node_modules/escape-html
166 silly REMOVE node_modules/live-server/node_modules/event-stream
167 silly REMOVE node_modules/live-server/node_modules/depd
168 silly REMOVE node_modules/live-server/node_modules/duplexer
169 silly REMOVE node_modules/live-server/node_modules/decode-uri-component
170 silly REMOVE node_modules/live-server/node_modules/define-property
171 silly REMOVE node_modules/live-server/node_modules/debug
172 silly REMOVE node_modules/live-server/node_modules/cors
173 silly REMOVE node_modules/live-server/node_modules/core-util-is
174 silly REMOVE node_modules/live-server/node_modules/copy-descriptor
175 silly REMOVE node_modules/live-server/node_modules/connect
176 silly REMOVE node_modules/live-server/node_modules/class-utils
177 silly REMOVE node_modules/live-server/node_modules/class-utils/node_modules/is-descriptor
178 silly REMOVE node_modules/live-server/node_modules/class-utils/node_modules/define-property
179 silly REMOVE node_modules/live-server/node_modules/colors
180 silly REMOVE node_modules/live-server/node_modules/collection-visit
181 silly REMOVE node_modules/live-server/node_modules/component-emitter
182 silly REMOVE node_modules/live-server/node_modules/cache-base
183 silly REMOVE node_modules/live-server/node_modules/chokidar
184 silly REMOVE node_modules/live-server/node_modules/batch
185 silly REMOVE node_modules/live-server/node_modules/bcryptjs
186 silly REMOVE node_modules/live-server/node_modules/braces
187 silly REMOVE node_modules/live-server/node_modules/binary-extensions
188 silly REMOVE node_modules/live-server/node_modules/basic-auth
189 silly REMOVE node_modules/live-server/node_modules/assign-symbols
190 silly REMOVE node_modules/live-server/node_modules/base
191 silly REMOVE node_modules/live-server/node_modules/base/node_modules/define-property
192 silly REMOVE node_modules/live-server/node_modules/async-each
193 silly REMOVE node_modules/live-server/node_modules/atob
194 silly REMOVE node_modules/live-server/node_modules/array-unique
195 silly REMOVE node_modules/live-server/node_modules/accepts
196 silly REMOVE node_modules/live-server/node_modules/accepts/node_modules/mime-types
197 silly REMOVE node_modules/live-server/node_modules/accepts/node_modules/mime-db
198 silly REMOVE node_modules/live-server/node_modules/arr-union
199 silly REMOVE node_modules/live-server/node_modules/arr-flatten
200 silly REMOVE node_modules/live-server/node_modules/apache-crypt
201 silly REMOVE node_modules/live-server/node_modules/apache-md5
202 silly REMOVE node_modules/live-server/node_modules/arr-diff
203 silly REMOVE node_modules/live-server/node_modules/anymatch
204 silly REMOVE node_modules/live-server/node_modules/anymatch/node_modules/normalize-path
205 verbose cwd /data/data/com.termux/files/home
206 verbose os Linux 5.4.289-qgki-32200428-abA736BXXSAGZA1
207 verbose node v25.3.0
208 verbose npm  v11.10.0
209 verbose exit 0
210 info ok
